<?xml version="1.0" encoding="UTF-8"?>
<testng-results skipped="0" failed="0" total="1" passed="1">
  <reporter-output>
  </reporter-output>
  <suite name="org.lompo.softwares.js.JsInteractionTest" duration-ms="2131" started-at="2015-06-06T15:58:06Z" finished-at="2015-06-06T15:58:08Z">
    <groups>
    </groups>
    <test name="Command line test" duration-ms="2131" started-at="2015-06-06T15:58:06Z" finished-at="2015-06-06T15:58:08Z">
      <class name="org.lompo.softwares.js.JsInteractionTest">
        <test-method status="PASS" signature="initializeJSEngine()[pri:0, instance:org.lompo.softwares.js.JsInteractionTest@4c203ea1]" name="initializeJSEngine" is-config="true" duration-ms="1944" started-at="2015-06-06T16:58:06Z" finished-at="2015-06-06T16:58:08Z">
          <reporter-output>
          </reporter-output>
        </test-method> <!-- initializeJSEngine -->
        <test-method status="PASS" signature="testCallbackFromJavaScript()[pri:0, instance:org.lompo.softwares.js.JsInteractionTest@4c203ea1]" name="testCallbackFromJavaScript" duration-ms="154" started-at="2015-06-06T16:58:08Z" finished-at="2015-06-06T16:58:08Z">
          <reporter-output>
          </reporter-output>
        </test-method> <!-- testCallbackFromJavaScript -->
        <test-method status="PASS" signature="shutdownJSEngine()[pri:0, instance:org.lompo.softwares.js.JsInteractionTest@4c203ea1]" name="shutdownJSEngine" is-config="true" duration-ms="1" started-at="2015-06-06T16:58:08Z" finished-at="2015-06-06T16:58:08Z">
          <reporter-output>
          </reporter-output>
        </test-method> <!-- shutdownJSEngine -->
      </class> <!-- org.lompo.softwares.js.JsInteractionTest -->
    </test> <!-- Command line test -->
  </suite> <!-- org.lompo.softwares.js.JsInteractionTest -->
</testng-results>
